<?xml version="1.0" encoding="UTF-8"?>
<!-- Generated by org.testng.reporters.JUnitReportReporter -->
<testsuite hostname="DESKTOP-5R7FD2S" failures="0" tests="1" name="TestCases.E2ETest" time="3.151" errors="0" timestamp="2022-06-13T02:52:00 EET" skipped="0">
  <testcase classname="TestCases.E2ETest" name="UserWorkFlowEcommerce" time="3.151"/>
  <system-out/>
</testsuite> <!-- TestCases.E2ETest -->
